###############################################################################
#                                                                             #
# IAR C/C++ Compiler V8.10.1.10194/W32 for 8051         01/Dec/2016  17:11:15 #
# Copyright 2004-2011 IAR Systems AB.                                         #
#                                                                             #
#    Core               =  plain                                              #
#    Code model         =  banked                                             #
#    Data model         =  large                                              #
#    Calling convention =  xdata reentrant                                    #
#    Constant location  =  data_rom                                           #
#    Dptr setup         =  1,16                                               #
#    Source file        =  E:\work\zigbee\ZStack-Smart-2.5.2b\Projects\zstack #
#                          \Applications\SmartApp\Source\Device\ConnectorApp. #
#                          c                                                  #
#    Command line       =  -f E:\work\zigbee\ZStack-Smart-2.5.2b\Projects\zst #
#                          ack\Applications\SmartApp\CC2530DB\Devices\..\..\. #
#                          .\..\Tools\CC2530DB\f8wCoord.cfg (-DCPU32MHZ       #
#                          -DROOT=__near_func -DMAC_CFG_APP_PENDING_QUEUE=TRU #
#                          E -DMAC_CFG_TX_DATA_MAX=5 -DMAC_CFG_TX_MAX=8       #
#                          -DMAC_CFG_RX_MAX=5 -DZDO_COORDINATOR -DRTR_NWK     #
#                          -DSSA_CONNECTOR) -f E:\work\zigbee\ZStack-Smart-2. #
#                          5.2b\Projects\zstack\Applications\SmartApp\CC2530D #
#                          B\Devices\..\..\..\..\Tools\CC2530DB\f8wConfig.cfg #
#                           (-DZIGBEEPRO -DSECURE=1 -DZG_SECURE_DYNAMIC=1     #
#                          -DREFLECTOR -DDEFAULT_CHANLIST=0x00000800          #
#                          -DZDAPP_CONFIG_PAN_ID=0xFFFF                       #
#                          -DNWK_START_DELAY=100 -DEXTENDED_JOINING_RANDOM_MA #
#                          SK=0x007F -DBEACON_REQUEST_DELAY=100               #
#                          -DBEACON_REQ_DELAY_MASK=0x00FF                     #
#                          -DLINK_STATUS_JITTER_MASK=0x007F                   #
#                          -DROUTE_EXPIRY_TIME=30 -DAPSC_ACK_WAIT_DURATION_PO #
#                          LLED=3000 -DNWK_INDIRECT_MSG_TIMEOUT=7             #
#                          -DMAX_RREQ_ENTRIES=8 -DAPSC_MAX_FRAME_RETRIES=3    #
#                          -DNWK_MAX_DATA_RETRIES=2                           #
#                          -DMAX_POLL_FAILURE_RETRIES=2 -DMAX_BCAST=9         #
#                          -DAPS_MAX_GROUPS=16 -DMAX_RTG_ENTRIES=40           #
#                          -DNWK_MAX_BINDING_ENTRIES=4                        #
#                          -DMAX_BINDING_CLUSTER_IDS=4 "-DDEFAULT_KEY={0x01,  #
#                          0x03, 0x05, 0x07, 0x09, 0x0B, 0x0D, 0x0F, 0x00,    #
#                          0x02, 0x04, 0x06, 0x08, 0x0A, 0x0C, 0x0D}"         #
#                          -DMAC_MAX_FRAME_SIZE=116                           #
#                          -DZDNWKMGR_MIN_TRANSMISSIONS=20 "-DCONST=const     #
#                          __code" -DGENERIC=__generic                        #
#                          -DRFD_RCVC_ALWAYS_ON=TRUE -DPOLL_RATE=1000         #
#                          -DQUEUED_POLL_RATE=100 -DRESPONSE_POLL_RATE=100)   #
#                          -DREJOIN_POLL_RATE=440 E:\work\zigbee\ZStack-Smart #
#                          -2.5.2b\Projects\zstack\Applications\SmartApp\Sour #
#                          ce\Device\ConnectorApp.c -D SECURE=1 -D ZTOOL_P1   #
#                          -D DEVICE_TYPE_ID=0xFE -D                          #
#                          SIGNAL_AMPLIFIER_SETTING -D                        #
#                          xPOWER_AMPLIFIER_POSITION_1 -D xNWK_AUTO_POLL -D   #
#                          xHAL_UART_DMA=2 -D xHAL_UART_DMA_ALT1 -D           #
#                          xJIAJU_BUILDIN -D MT_TASK -D MT_SYS_FUNC -D        #
#                          MT_ZDO_FUNC -D NV_INIT -D NV_RESTORE -lC           #
#                          E:\work\zigbee\ZStack-Smart-2.5.2b\Projects\zstack #
#                          \Applications\SmartApp\CC2530DB\bin\DemoBaseZC\Lis #
#                          t\ -lA E:\work\zigbee\ZStack-Smart-2.5.2b\Projects #
#                          \zstack\Applications\SmartApp\CC2530DB\bin\DemoBas #
#                          eZC\List\ --diag_suppress Pe001,Pa010 -o           #
#                          E:\work\zigbee\ZStack-Smart-2.5.2b\Projects\zstack #
#                          \Applications\SmartApp\CC2530DB\bin\DemoBaseZC\Obj #
#                          \ -e --debug --core=plain --dptr=16,1              #
#                          --data_model=large --code_model=banked             #
#                          --calling_convention=xdata_reentrant               #
#                          --place_constants=data_rom --nr_virtual_regs 16    #
#                          -I E:\work\zigbee\ZStack-Smart-2.5.2b\Projects\zst #
#                          ack\Applications\SmartApp\CC2530DB\Devices\ -I     #
#                          E:\work\zigbee\ZStack-Smart-2.5.2b\Projects\zstack #
#                          \Applications\SmartApp\CC2530DB\Devices\..\..\Sour #
#                          ce\Common\ -I E:\work\zigbee\ZStack-Smart-2.5.2b\P #
#                          rojects\zstack\Applications\SmartApp\CC2530DB\Devi #
#                          ces\..\..\Source\Connector\ -I                     #
#                          E:\work\zigbee\ZStack-Smart-2.5.2b\Projects\zstack #
#                          \Applications\SmartApp\CC2530DB\Devices\..\..\Sour #
#                          ce\\EndNode\ -I E:\work\zigbee\ZStack-Smart-2.5.2b #
#                          \Projects\zstack\Applications\SmartApp\CC2530DB\De #
#                          vices\..\..\Source\Board\ -I                       #
#                          E:\work\zigbee\ZStack-Smart-2.5.2b\Projects\zstack #
#                          \Applications\SmartApp\CC2530DB\Devices\..\..\Sour #
#                          ce\Manage\ -I E:\work\zigbee\ZStack-Smart-2.5.2b\P #
#                          rojects\zstack\Applications\SmartApp\CC2530DB\Devi #
#                          ces\..\..\Source\Manage\Callbacks\ -I              #
#                          E:\work\zigbee\ZStack-Smart-2.5.2b\Projects\zstack #
#                          \Applications\SmartApp\CC2530DB\Devices\..\..\Sour #
#                          ce\Manage\debug\ -I E:\work\zigbee\ZStack-Smart-2. #
#                          5.2b\Projects\zstack\Applications\SmartApp\CC2530D #
#                          B\Devices\..\..\Source\Manage\HeartBeat\ -I        #
#                          E:\work\zigbee\ZStack-Smart-2.5.2b\Projects\zstack #
#                          \Applications\SmartApp\CC2530DB\Devices\..\..\Sour #
#                          ce\Manage\incode\ -I E:\work\zigbee\ZStack-Smart-2 #
#                          .5.2b\Projects\zstack\Applications\SmartApp\CC2530 #
#                          DB\Devices\..\..\..\..\ZMain\TI2530DB\ -I          #
#                          E:\work\zigbee\ZStack-Smart-2.5.2b\Projects\zstack #
#                          \Applications\SmartApp\CC2530DB\Devices\..\..\..\. #
#                          .\..\..\Components\hal\include\ -I                 #
#                          E:\work\zigbee\ZStack-Smart-2.5.2b\Projects\zstack #
#                          \Applications\SmartApp\CC2530DB\Devices\..\..\..\. #
#                          .\..\..\Components\hal\target\CC2530EB\ -I         #
#                          E:\work\zigbee\ZStack-Smart-2.5.2b\Projects\zstack #
#                          \Applications\SmartApp\CC2530DB\Devices\..\..\..\. #
#                          .\..\..\Components\mac\include\ -I                 #
#                          E:\work\zigbee\ZStack-Smart-2.5.2b\Projects\zstack #
#                          \Applications\SmartApp\CC2530DB\Devices\..\..\..\. #
#                          .\..\..\Components\mac\high_level\ -I              #
#                          E:\work\zigbee\ZStack-Smart-2.5.2b\Projects\zstack #
#                          \Applications\SmartApp\CC2530DB\Devices\..\..\..\. #
#                          .\..\..\Components\mac\low_level\srf04\ -I         #
#                          E:\work\zigbee\ZStack-Smart-2.5.2b\Projects\zstack #
#                          \Applications\SmartApp\CC2530DB\Devices\..\..\..\. #
#                          .\..\..\Components\mac\low_level\srf04\single_chip #
#                          \ -I E:\work\zigbee\ZStack-Smart-2.5.2b\Projects\z #
#                          stack\Applications\SmartApp\CC2530DB\Devices\..\.. #
#                          \..\..\..\..\Components\mt\ -I                     #
#                          E:\work\zigbee\ZStack-Smart-2.5.2b\Projects\zstack #
#                          \Applications\SmartApp\CC2530DB\Devices\..\..\..\. #
#                          .\..\..\Components\osal\include\ -I                #
#                          E:\work\zigbee\ZStack-Smart-2.5.2b\Projects\zstack #
#                          \Applications\SmartApp\CC2530DB\Devices\..\..\..\. #
#                          .\..\..\Components\services\saddr\ -I              #
#                          E:\work\zigbee\ZStack-Smart-2.5.2b\Projects\zstack #
#                          \Applications\SmartApp\CC2530DB\Devices\..\..\..\. #
#                          .\..\..\Components\services\sdata\ -I              #
#                          E:\work\zigbee\ZStack-Smart-2.5.2b\Projects\zstack #
#                          \Applications\SmartApp\CC2530DB\Devices\..\..\..\. #
#                          .\..\..\Components\stack\af\ -I                    #
#                          E:\work\zigbee\ZStack-Smart-2.5.2b\Projects\zstack #
#                          \Applications\SmartApp\CC2530DB\Devices\..\..\..\. #
#                          .\..\..\Components\stack\nwk\ -I                   #
#                          E:\work\zigbee\ZStack-Smart-2.5.2b\Projects\zstack #
#                          \Applications\SmartApp\CC2530DB\Devices\..\..\..\. #
#                          .\..\..\Components\stack\sapi\ -I                  #
#                          E:\work\zigbee\ZStack-Smart-2.5.2b\Projects\zstack #
#                          \Applications\SmartApp\CC2530DB\Devices\..\..\..\. #
#                          .\..\..\Components\stack\sec\ -I                   #
#                          E:\work\zigbee\ZStack-Smart-2.5.2b\Projects\zstack #
#                          \Applications\SmartApp\CC2530DB\Devices\..\..\..\. #
#                          .\..\..\Components\stack\sys\ -I                   #
#                          E:\work\zigbee\ZStack-Smart-2.5.2b\Projects\zstack #
#                          \Applications\SmartApp\CC2530DB\Devices\..\..\..\. #
#                          .\..\..\Components\stack\zdo\ -I                   #
#                          E:\work\zigbee\ZStack-Smart-2.5.2b\Projects\zstack #
#                          \Applications\SmartApp\CC2530DB\Devices\..\..\..\. #
#                          .\..\..\Components\zmac\ -I                        #
#                          E:\work\zigbee\ZStack-Smart-2.5.2b\Projects\zstack #
#                          \Applications\SmartApp\CC2530DB\Devices\..\..\..\. #
#                          .\..\..\Components\zmac\f8w\ -Oh                   #
#                          --require_prototypes                               #
#    List file          =  E:\work\zigbee\ZStack-Smart-2.5.2b\Projects\zstack #
#                          \Applications\SmartApp\CC2530DB\bin\DemoBaseZC\Lis #
#                          t\ConnectorApp.lst                                 #
#    Object file        =  E:\work\zigbee\ZStack-Smart-2.5.2b\Projects\zstack #
#                          \Applications\SmartApp\CC2530DB\bin\DemoBaseZC\Obj #
#                          \ConnectorApp.r51                                  #
#                                                                             #
#                                                                             #
###############################################################################

E:\work\zigbee\ZStack-Smart-2.5.2b\Projects\zstack\Applications\SmartApp\Source\Device\ConnectorApp.c
      1          /**************************************************************************************************
      2            Filename:       ConnectorApp.c
      3            Revised:        $Date: 2014-04-16 13:53:12 -0800 (Wed, 16 Apr 2014) $
      4            Revision:       $Revision: 29217 $
      5          
      6            Description:    Connector Application
      7          **************************************************************************************************/
      8          
      9          /**************************************************************************************************
     10          Modify by Sam_Chen
     11          Date:2015-08-07
     12          **************************************************************************************************/
     13          
     14          
     15          /*********************************************************************
     16           * INCLUDES
     17           */
     18          #include "OSAL.h"
     19          #include "AF.h"
     20          #include "ZDApp.h"
     21          #include "ZDObject.h"
     22          #include "ZDProfile.h"
     23          #include "OSAL_Nv.h"
     24          #include "ZComDef.h"
     25          #include "OnBoard.h"

   \                                 In  segment SFR_AN, at 0xc9
   \   unsigned char volatile __sfr WDCTL
   \                     WDCTL:
   \   000000                DS 1
     26          
     27          #include "CommonApp.h"
     28          
     29          /* HAL */
     30          #include "hal_lcd.h"
     31          #include "hal_led.h"
     32          #include "hal_key.h"
     33          #include "hal_uart.h"
     34          
     35          
     36          /*********************************************************************
     37           * MACROS
     38           */
     39          
     40          /*********************************************************************
     41           * CONSTANTS
     42           */
     43          
     44          /*********************************************************************
     45           * TYPEDEFS
     46           */
     47          
     48          /*********************************************************************
     49           * GLOBAL VARIABLES
     50           */
     51          
     52          /*********************************************************************
     53           * EXTERNAL VARIABLES
     54           */
     55          extern const cId_t CommonApp_InClusterList[];
     56          extern const cId_t CommonApp_OutClusterList[];
     57          extern const SimpleDescriptionFormat_t CommonApp_SimpleDesc;
     58          
     59          extern endPointDesc_t CommonApp_epDesc;
     60          
     61          extern byte CommonApp_TaskID;
     62          extern devStates_t CommonApp_NwkState;
     63          extern byte CommonApp_TransID;
     64          
     65          extern afAddrType_t CommonApp_DstAddr;
     66          
     67          //network address
     68          extern uint16 nwkAddr;
     69          //mac address
     70          extern ZLongAddr_t macAddr;
     71          
     72          extern uint8 SHORT_ADDR_G[4];
     73          
     74          extern uint8 EXT_ADDR_G[16];
     75          
     76          extern const uint8 f_tail[4];
     77          
     78          extern bool isPermitJoining;
     79          
     80          /*********************************************************************
     81           * LOCAL VARIABLES
     82           */
     83          static uint8 *fBuf;		//pointer data buffer
                               ^
Warning[Pe177]: variable "fBuf" was declared but never referenced
     84          static uint16 fLen;		//buffer data length
                               ^
Warning[Pe177]: variable "fLen" was declared but never referenced
     85          

   \                                 In  segment XDATA_Z, align 1, keep-with-next
     86          uint8 list_len=0;               //定义list的长度
   \                     list_len:
   \   000000                DS 1
   \   000001                REQUIRE __INIT_XDATA_Z
     87          
     88          /*********************************************************************
     89           * EXTERNAL FUNCTIONS
     90           */
     91          
     92          /*********************************************************************
     93           * LOCAL FUNCTIONS
     94           */
     95          #ifndef ZDO_COORDINATOR
     96          static void ConnectorApp_HeartBeatEvent(void);
     97          #endif
     98          
     99          /*********************************************************************
    100           * NETWORK LAYER CALLBACKS
    101           */
    102          
    103          /*********************************************************************
    104           * PUBLIC FUNCTIONS
    105           */
    106          
    107          /*********************************************************************
    108           * @fn      CommonApp_InitConfirm
    109           *
    110           * @brief   Initialization function for the Connector App Task.
    111           *          This is called during initialization and should contain
    112           *          any application specific initialization (ie. hardware
    113           *          initialization/setup, table initialization, power up
    114           *          notificaiton ... ).
    115           *
    116           * @param   task_id - the ID assigned by OSAL.  This ID should be
    117           *                    used to send messages and set timers.
    118           *
    119           * @return  none
    120           */
    121          

   \                                 In  segment BANKED_CODE, align 1, keep-with-next
    122          void CommonApp_InitConfirm( uint8 task_id )
   \                     CommonApp_InitConfirm:
    123          {
   \   000000   C082         PUSH    DPL
   \   000002   C083         PUSH    DPH
   \   000004                ; Saved register size: 2
   \   000004                ; Auto size: 0
    124            CommonApp_PermitJoiningRequest(PERMIT_JOIN_FORBID);
   \   000004                ; Setup parameters for call to function CommonApp_PermitJoiningRequest
   \   000004   7900         MOV     R1,#0x0
   \   000006   12....       LCALL   ??CommonApp_PermitJoiningRequest?relay
    125          #if(HAL_UART==TRUE)
    126            SerialTx_Handler(SERIAL_COM_PORT, ConnectorApp_TxHandler);
   \   000009                ; Setup parameters for call to function SerialTx_Handler
   \   000009   7C..         MOV     R4,#??ConnectorApp_TxHandler?relay & 0xff
   \   00000B   7D..         MOV     R5,#(??ConnectorApp_TxHandler?relay >> 8) & 0xff
   \   00000D   7A00         MOV     R2,#0x0
   \   00000F   7B00         MOV     R3,#0x0
   \   000011   12....       LCALL   ??SerialTx_Handler?relay
    127          #endif
    128          }
   \   000014                REQUIRE ?Subroutine0
   \   000014                ; // Fall through to label ?Subroutine0

   \                                 In  segment BANKED_CODE, align 1, keep-with-next
   \                     ?Subroutine0:
   \   000000   D083         POP     DPH
   \   000002   D082         POP     DPL
   \   000004   02....       LJMP    ?BRET
    129          
    130          
    131          /*********************************************************************
    132           * @fn      CommonApp_MessageMSGCB
    133           *
    134           * @brief   Data message processor callback.  This function processes
    135           *          any incoming data - probably from other devices.  So, based
    136           *          on cluster ID, perform the intended action.
    137           *
    138           * @param   none
    139           *
    140           * @return  none
    141           */
    142          

   \                                 In  segment BANKED_CODE, align 1, keep-with-next
    143          void CommonApp_MessageMSGCB( afIncomingMSGPacket_t *pkt )
   \                     CommonApp_MessageMSGCB:
    144          {
   \   000000   C082         PUSH    DPL
   \   000002   C083         PUSH    DPH
   \   000004                ; Saved register size: 2
   \   000004                ; Auto size: 0
    145            switch ( pkt->clusterId )
   \   000004   8A82         MOV     DPL,R2
   \   000006   8B83         MOV     DPH,R3
   \   000008   A3           INC     DPTR
   \   000009   A3           INC     DPTR
   \   00000A   A3           INC     DPTR
   \   00000B   A3           INC     DPTR
   \   00000C   E0           MOVX    A,@DPTR
   \   00000D   6401         XRL     A,#0x1
   \   00000F   7002         JNZ     ??CommonApp_MessageMSGCB_0
   \   000011   A3           INC     DPTR
   \   000012   E0           MOVX    A,@DPTR
   \                     ??CommonApp_MessageMSGCB_0:
   \   000013   7021         JNZ     ??CommonApp_MessageMSGCB_1
    146            {
    147              case COMMONAPP_CLUSTERID:
    148          #ifndef RS485_DEV
    149                CommonApp_GetDevDataSend(pkt->cmd.Data, pkt->cmd.DataLength);
    150          #else
    151                RS485_GetDevDataSend(pkt->cmd.Data, pkt->cmd.DataLength);
   \   000015                ; Setup parameters for call to function RS485_GetDevDataSend
   \   000015   EA           MOV     A,R2
   \   000016   2420         ADD     A,#0x20
   \   000018   F582         MOV     DPL,A
   \   00001A   EB           MOV     A,R3
   \   00001B   3400         ADDC    A,#0x0
   \   00001D   F583         MOV     DPH,A
   \   00001F   E0           MOVX    A,@DPTR
   \   000020   FC           MOV     R4,A
   \   000021   A3           INC     DPTR
   \   000022   E0           MOVX    A,@DPTR
   \   000023   FD           MOV     R5,A
   \   000024   EA           MOV     A,R2
   \   000025   2422         ADD     A,#0x22
   \   000027   F582         MOV     DPL,A
   \   000029   EB           MOV     A,R3
   \   00002A   3400         ADDC    A,#0x0
   \   00002C   F583         MOV     DPH,A
   \   00002E   E0           MOVX    A,@DPTR
   \   00002F   FA           MOV     R2,A
   \   000030   A3           INC     DPTR
   \   000031   E0           MOVX    A,@DPTR
   \   000032   FB           MOV     R3,A
   \   000033   12....       LCALL   ??RS485_GetDevDataSend?relay
    152          #endif
    153                break; 
    154            }
    155          }
   \                     ??CommonApp_MessageMSGCB_1:
   \   000036   80..         SJMP    ?Subroutine0
    156          
    157          
    158          /*********************************************************************
    159           * @fn      CommonApp_ProcessZDOStates
    160           *
    161           * @brief   Process when network change
    162           *
    163           * @param   network status
    164           *
    165           * @return  none
    166           */

   \                                 In  segment BANKED_CODE, align 1, keep-with-next
    167          void CommonApp_ProcessZDOStates(devStates_t status)
   \                     CommonApp_ProcessZDOStates:
    168          {
   \   000000   74F7         MOV     A,#-0x9
   \   000002   12....       LCALL   ?BANKED_ENTER_XDATA
   \   000005                ; Saved register size: 9
   \   000005                ; Auto size: 0
   \   000005   E9           MOV     A,R1
   \   000006   FE           MOV     R6,A
    169          #ifndef  RS485_DEV
    170            if(status == DEV_ZB_COORD || status == DEV_ROUTER)
    171            {
    172          	nwkAddr = NLME_GetShortAddr();
    173          	incode_2_to_16(SHORT_ADDR_G, (uint8 *)&nwkAddr, 2);
    174          	memcpy(macAddr, NLME_GetExtAddr(), sizeof(ZLongAddr_t));
    175              incode_2_to_16(EXT_ADDR_G, macAddr, 8);
    176          
    177          #ifdef ZDO_COORDINATOR
    178          	UC_t mFrame;
    179          
    180          	memcpy(mFrame.head, FR_HEAD_UC, 3);
    181          	mFrame.type = FR_DEV_COORD;
    182          	memcpy(mFrame.ed_type, FR_APP_DEV, 2);
    183          	memcpy(mFrame.short_addr, SHORT_ADDR_G, 4);
    184          	memcpy(mFrame.ext_addr, EXT_ADDR_G, 16);
    185          	incode_2_to_16(mFrame.panid, (uint8 *)&_NIB.nwkPanId, 2);
    186          	uint16 channel = _NIB.nwkLogicalChannel;
    187          	incode_2_to_16(mFrame.channel, (uint8 *)&channel, 2);
    188              mFrame.data = NULL;
    189          	mFrame.data_len = 0;
    190          	memcpy(mFrame.tail, f_tail, 4);
    191          
    192          	if(!SSAFrame_Package(HEAD_UC, &mFrame, &fBuf, &fLen))
    193          	{
    194          	  CommonApp_GetDevDataSend(fBuf, fLen);
    195          	}
    196          #else
    197          	UO_t mFrame;
    198          	
    199          	memcpy(mFrame.head, FR_HEAD_UO, 3);
    200          	mFrame.type = FR_DEV_ROUTER;
    201          	memcpy(mFrame.ed_type, FR_APP_DEV, 2);
    202          	memcpy(mFrame.short_addr, SHORT_ADDR_G, 4);
    203          	memcpy(mFrame.ext_addr, EXT_ADDR_G, 16);
    204          	mFrame.data = NULL;
    205          	mFrame.data_len = 0;
    206          	memcpy(mFrame.tail, f_tail, 4);
    207          
    208          	if(!SSAFrame_Package(HEAD_UO, &mFrame, &fBuf, &fLen))
    209          	{
    210          		CommonApp_GetDevDataSend(fBuf, fLen);
    211          		CommonApp_SendTheMessage(COORDINATOR_ADDR, fBuf, fLen);
    212          	}
    213          
    214          	ConnectorApp_HeartBeatEvent();
    215          #endif
    216            }
    217            
    218          #else
    219              if(status == DEV_ZB_COORD || status == DEV_ROUTER)
   \   000007   7409         MOV     A,#0x9
   \   000009   6E           XRL     A,R6
   \   00000A   6005         JZ      ??CommonApp_ProcessZDOStates_0
   \   00000C   7407         MOV     A,#0x7
   \   00000E   6E           XRL     A,R6
   \   00000F   7003         JNZ     ??CommonApp_ProcessZDOStates_1
    220            {
    221          #ifdef RS485_DEV
    222            //初始化LIST,分配NV空间
    223            createNodelist();
   \                     ??CommonApp_ProcessZDOStates_0:
   \   000011                ; Setup parameters for call to function createNodelist
   \   000011   12....       LCALL   ??createNodelist?relay
    224          #endif 
    225            }
    226          #endif
    227          }
   \                     ??CommonApp_ProcessZDOStates_1:
   \   000014   80..         SJMP    ?Subroutine1

   \                                 In  segment BANKED_CODE, align 1, keep-with-next
   \                     ?Subroutine1:
   \   000000   7F01         MOV     R7,#0x1
   \   000002   02....       LJMP    ?BANKED_LEAVE_XDATA
    228          
    229          
    230          #ifndef HAL_KEY_LONG_SHORT_DISTINGUISH

   \                                 In  segment BANKED_CODE, align 1, keep-with-next
    231          void CommonApp_HandleCombineKeys(uint16 keys, uint8 keyCounts)
   \                     CommonApp_HandleCombineKeys:
    232          {
   \   000000   74F7         MOV     A,#-0x9
   \   000002   12....       LCALL   ?BANKED_ENTER_XDATA
   \   000005                ; Saved register size: 9
   \   000005                ; Auto size: 0
   \   000005   E9           MOV     A,R1
   \   000006   FE           MOV     R6,A
    233            if(
    234          #ifdef KEY_PUSH_PORT_1_BUTTON
    235              keys & HAL_KEY_PORT_1_SWITCH_3
    236          #else
    237          	keys & HAL_KEY_SW_6
    238          #endif
    239            )
   \   000007   EA           MOV     A,R2
   \   000008   5420         ANL     A,#0x20
   \   00000A   6049         JZ      ??CommonApp_HandleCombineKeys_0
    240            {
    241          	switch( keyCounts)
   \   00000C   EE           MOV     A,R6
   \   00000D   6006         JZ      ??CommonApp_HandleCombineKeys_1
   \   00000F   24FD         ADD     A,#-0x3
   \   000011   6024         JZ      ??CommonApp_HandleCombineKeys_2
   \   000013   8040         SJMP    ??CommonApp_HandleCombineKeys_0
    242          	{	
    243          	case 0: //Long click listen
    244          	//Reset factory mode
    245          #if defined(HOLD_INIT_AUTHENTICATION)
    246          		HalLedBlink ( HAL_LED_4, 0, 50, 100 );
   \                     ??CommonApp_HandleCombineKeys_1:
   \   000015                ; Setup parameters for call to function HalLedBlink
   \   000015   7C64         MOV     R4,#0x64
   \   000017   7D00         MOV     R5,#0x0
   \   000019   7B32         MOV     R3,#0x32
   \   00001B   7A00         MOV     R2,#0x0
   \   00001D   7908         MOV     R1,#0x8
   \   00001F   12....       LCALL   ??HalLedBlink?relay
    247          #if !defined(ZDO_COORDINATOR)
    248          		if(devState != DEV_HOLD)
    249          		{
    250              		devStates_t tStates;
    251            			if (ZSUCCESS == osal_nv_item_init( 
    252            				ZCD_NV_NWK_HOLD_STARTUP, sizeof(tStates),  &tStates))
    253            			{
    254            				tStates = DEV_HOLD;
    255              			osal_nv_write(
    256          					ZCD_NV_NWK_HOLD_STARTUP, 0, sizeof(tStates),  &tStates);
    257            			}
    258          		}
    259          #else
    260            		devState = DEV_INIT;
   \   000022   90....       MOV     DPTR,#devState
   \   000025   7401         MOV     A,#0x1
   \   000027   F0           MOVX    @DPTR,A
    261          #endif
    262          
    263          		zgWriteStartupOptions(ZG_STARTUP_SET, ZCD_STARTOPT_DEFAULT_NETWORK_STATE);
   \   000028                ; Setup parameters for call to function zgWriteStartupOptions
   \   000028   7A02         MOV     R2,#0x2
   \   00002A   79FF         MOV     R1,#-0x1
   \   00002C   12....       LCALL   ??zgWriteStartupOptions?relay
    264          		WatchDogEnable( WDTIMX );
   \   00002F   75C9A8       MOV     0xc9,#-0x58
   \   000032   75C958       MOV     0xc9,#0x58
    265          #endif
    266          		break;
   \   000035   801E         SJMP    ??CommonApp_HandleCombineKeys_0
    267          
    268          	case 3:
    269          		//permit\forbid add znet
    270          		if(devState == DEV_HOLD)
   \                     ??CommonApp_HandleCombineKeys_2:
   \   000037   90....       MOV     DPTR,#devState
   \   00003A   E0           MOVX    A,@DPTR
   \   00003B   7009         JNZ     ??CommonApp_HandleCombineKeys_3
    271          		{
    272          			ZDOInitDevice( 0 );
   \   00003D                ; Setup parameters for call to function ZDOInitDevice
   \   00003D   7A00         MOV     R2,#0x0
   \   00003F   7B00         MOV     R3,#0x0
   \   000041   12....       LCALL   ??ZDOInitDevice?relay
   \   000044   800F         SJMP    ??CommonApp_HandleCombineKeys_0
    273          		}
    274          		else
    275          		{
    276          			if(isPermitJoining)
   \                     ??CommonApp_HandleCombineKeys_3:
   \   000046   90....       MOV     DPTR,#isPermitJoining
   \   000049   E0           MOVX    A,@DPTR
   \   00004A   6004         JZ      ??CommonApp_HandleCombineKeys_4
    277          			{
    278          				CommonApp_PermitJoiningRequest(PERMIT_JOIN_FORBID);
   \   00004C                ; Setup parameters for call to function CommonApp_PermitJoiningRequest
   \   00004C   7900         MOV     R1,#0x0
   \   00004E   8002         SJMP    ??CommonApp_HandleCombineKeys_5
    279          			}
    280          			else
    281          			{
    282          				CommonApp_PermitJoiningRequest(PERMIT_JOIN_TIMEOUT);
   \                     ??CommonApp_HandleCombineKeys_4:
   \   000050                ; Setup parameters for call to function CommonApp_PermitJoiningRequest
   \   000050   791E         MOV     R1,#0x1e
   \                     ??CommonApp_HandleCombineKeys_5:
   \   000052   12....       LCALL   ??CommonApp_PermitJoiningRequest?relay
    283          			}
    284          		}
    285          		break;
    286          
    287          	default: break;
    288          	}
    289            }
    290          }
   \                     ??CommonApp_HandleCombineKeys_0:
   \   000055   80..         SJMP    ?Subroutine1
   \   000057                REQUIRE WDCTL
    291          #else
    292          void CommonApp_HandleCombineKeys(uint16 keys, uint8 keyCounts)
    293          {
    294            uint8 *keysID = get_keys_id();
    295            uint8 *keysPush = get_keys_push();
    296          
    297            if (keysPush[0] == HAL_KEY_LONG_PUSH)
    298            {
    299            	if(osal_memcmp(keysID, "a", keyCounts) && keyCounts == 1)
    300              {
    301          		//permit\forbid add znet
    302          		if(devState == DEV_HOLD)
    303          		{
    304          			ZDOInitDevice( 0 );
    305          		}
    306          		else
    307          		{
    308          			if(isPermitJoining)
    309          			{
    310          				CommonApp_PermitJoiningRequest(PERMIT_JOIN_FORBID);
    311          			}
    312          			else
    313          			{
    314          				CommonApp_PermitJoiningRequest(PERMIT_JOIN_TIMEOUT);
    315          			}
    316          		}
    317              }
    318              else if(osal_memcmp(keysID, "aaa", keyCounts) && keyCounts == 3)
    319              {
    320          		//Reset factory mode
    321          #if defined(HOLD_INIT_AUTHENTICATION)
    322          		HalLedBlink ( HAL_LED_4, 0, 50, 100 );
    323          #if !defined(ZDO_COORDINATOR)
    324          		if(devState != DEV_HOLD)
    325          		{
    326              		devStates_t tStates;
    327            			if (ZSUCCESS == osal_nv_item_init( 
    328            				ZCD_NV_NWK_HOLD_STARTUP, sizeof(tStates),  &tStates))
    329            			{
    330            				tStates = DEV_HOLD;
    331              			osal_nv_write(
    332          					ZCD_NV_NWK_HOLD_STARTUP, 0, sizeof(tStates),  &tStates);
    333            			}
    334          		}
    335          #else
    336            		devState = DEV_INIT;
    337          #endif
    338          
    339          		zgWriteStartupOptions(ZG_STARTUP_SET, ZCD_STARTOPT_DEFAULT_NETWORK_STATE);
    340          		WatchDogEnable( WDTIMX );
    341          #endif
    342              }
    343            }
    344          }
    345          #endif
    346          
    347          #ifndef ZDO_COORDINATOR
    348          void ConnectorApp_HeartBeatEvent(void)
    349          {
    350          	CommonApp_HeartBeatCB(NULL, NULL, NULL);
    351          	
    352          	set_user_event(CommonApp_TaskID, HEARTBERAT_EVT, CommonApp_HeartBeatCB, 
    353            		HEARTBEAT_TIMEOUT, TIMER_LOOP_EXECUTION|TIMER_EVENT_RESIDENTS, NULL);
    354          }
    355          #endif
    356          
    357          

   \                                 In  segment BANKED_CODE, align 1, keep-with-next
    358          void ConnectorApp_TxHandler(uint8 txBuf[], uint8 txLen)
   \                     ConnectorApp_TxHandler:
    359          {
   \   000000   74F7         MOV     A,#-0x9
   \   000002   12....       LCALL   ?BANKED_ENTER_XDATA
   \   000005                ; Saved register size: 9
   \   000005                ; Auto size: 0
    360          #ifndef  RS485_DEV
    361            
    362          	uint16 Send_shortAddr = 0;
    363          
    364          	if(txLen>=16 && !memcmp(txBuf, FR_HEAD_DE, 2)
    365          		&& !memcmp(txBuf+2, FR_CMD_JOIN_CTRL, 4)
    366          		&& !memcmp(txBuf+txLen-4, f_tail, 4))
    367          	{
    368          		if(!memcmp(txBuf+6, SHORT_ADDR_G, 4))
    369          		{
    370          			uint8 cmdData, ret;
    371          			uint8 retData[2] = {0};
    372          		
    373          			cmdData = atox(txBuf+10, 2);
    374          
    375          			if(!cmdData)
    376          				ret = !CommonApp_PermitJoiningRequest(PERMIT_JOIN_FORBID);
    377          			else if(cmdData == 1)
    378          				ret = !CommonApp_PermitJoiningRequest(PERMIT_JOIN_TIMEOUT);
    379          
    380          			incode_2_to_16(retData, &ret, 1);
    381          			PermitJoin_Refresh(retData, 2);
    382          		}
    383          		else
    384          		{
    385          			incode_16_to_2(&Send_shortAddr, txBuf+6, 4);
    386          			CommonApp_SendTheMessage(Send_shortAddr, txBuf, txLen);
    387          		}
    388          		
    389          	}
    390          	else if(txLen>=14 && !memcmp(txBuf, FR_HEAD_DE, 2)
    391          		&& !memcmp(txBuf+2, FR_CMD_BROCAST_REFRESH, 4)
    392          		&& !memcmp(txBuf+txLen-4, f_tail, 4))
    393          	{
    394          		incode_16_to_2(&Send_shortAddr, txBuf+6, 4);
    395          		if(Send_shortAddr == COORDINATOR_ADDR)
    396          		{
    397          			CommonApp_ProcessZDOStates(DEV_ZB_COORD);
    398          		}
    399          		else
    400          		{
    401          			CommonApp_SendTheMessage(BROADCAST_ADDR, txBuf, txLen);
    402          		}
    403          	}
    404          	else if(txLen>=14 && !memcmp(txBuf, FR_HEAD_DE, 2)
    405          		&& (!memcmp(txBuf+2, FR_CMD_SINGLE_EXCUTE, 4)
    406          		|| !memcmp(txBuf+2, FR_CMD_PEROID_EXCUTE, 4)
    407          		|| !memcmp(txBuf+2, FR_CMD_PEROID_STOP, 4))
    408          		&& !memcmp(txBuf+txLen-4, f_tail, 4))
    409          	{
    410          		incode_16_to_2(&Send_shortAddr, txBuf+6, 4);
    411          		CommonApp_SendTheMessage(Send_shortAddr, txBuf, txLen);
    412          	}
    413          	else if(txLen>=14 && !memcmp(txBuf, FR_HEAD_DE, 2)
    414          		&& !memcmp(txBuf+2, FR_CMD_SINGLE_REFRESH, 4)
    415          		&& !memcmp(txBuf+txLen-4, f_tail, 4))
    416          	{
    417          		incode_16_to_2(&Send_shortAddr, txBuf+6, 4);
    418          		if(Send_shortAddr == COORDINATOR_ADDR) //coord self
    419          		{
    420          			CommonApp_ProcessZDOStates(DEV_ZB_COORD);
    421          		}
    422          		else
    423          		{
    424          			CommonApp_SendTheMessage(Send_shortAddr, txBuf, txLen);
    425          		}
    426          	}
    427          #else
    428                CommonApp_RS485SendMessage(txBuf, txLen);
   \   000005                ; Setup parameters for call to function CommonApp_RS485SendMessage
   \   000005   12....       LCALL   ??CommonApp_RS485SendMessage?relay
    429          #endif
    430          }
   \   000008                REQUIRE ?Subroutine1
   \   000008                ; // Fall through to label ?Subroutine1
    431          
    432          
    433          /*********************************************************************
    434           */

   \                                 In  segment BANKED_CODE, align 1, keep-with-next
    435          void CommonApp_RS485SendMessage(uint8 *data, uint8 length)
   \                     CommonApp_RS485SendMessage:
    436          {
   \   000000   74F7         MOV     A,#-0x9
   \   000002   12....       LCALL   ?BANKED_ENTER_XDATA
   \   000005                ; Saved register size: 9
   \   000005                ; Auto size: 0
   \   000005   8A82         MOV     DPL,R2
   \   000007   8B83         MOV     DPH,R3
    437             uint16 dest_addr;
    438             uint8 dev_addr=data[0];
   \   000009   E0           MOVX    A,@DPTR
   \   00000A   F8           MOV     R0,A
    439          
    440             if(dev_addr==0xFA)
   \   00000B   74FA         MOV     A,#-0x6
   \   00000D   68           XRL     A,R0
   \   00000E   700A         JNZ     ??CommonApp_RS485SendMessage_0
    441            {
    442              CommonApp_SendTheMessage(BROADCAST_ADDR, data,length);
   \   000010                ; Setup parameters for call to function CommonApp_SendTheMessage
   \   000010   AC82         MOV     R4,DPL
   \   000012   AD83         MOV     R5,DPH
   \   000014   7AFF         MOV     R2,#-0x1
   \   000016   7BFF         MOV     R3,#-0x1
   \   000018   8013         SJMP    ??CommonApp_RS485SendMessage_1
    443            }
    444            else
    445            {
    446              //get the short_addr
    447             dest_addr=get_NodeList(dev_addr);
    448             CommonApp_SendTheMessage(dest_addr,data,length);
   \                     ??CommonApp_RS485SendMessage_0:
   \   00001A                ; Setup parameters for call to function CommonApp_SendTheMessage
   \   00001A   AE82         MOV     R6,DPL
   \   00001C   AF83         MOV     R7,DPH
   \   00001E   E9           MOV     A,R1
   \   00001F   C0E0         PUSH    A
   \   000021                ; Setup parameters for call to function get_NodeList
   \   000021   E8           MOV     A,R0
   \   000022   F9           MOV     R1,A
   \   000023   12....       LCALL   ??get_NodeList?relay
   \   000026   D0E0         POP     A
   \   000028   F9           MOV     R1,A
   \   000029   EE           MOV     A,R6
   \   00002A   FC           MOV     R4,A
   \   00002B   EF           MOV     A,R7
   \   00002C   FD           MOV     R5,A
   \                     ??CommonApp_RS485SendMessage_1:
   \   00002D   12....       LCALL   ??CommonApp_SendTheMessage?relay
    449            }
    450          }
   \   000030   80..         SJMP    ?Subroutine1

   \                                 In  segment BANK_RELAYS, align 1
   \                     ??CommonApp_InitConfirm?relay:
   \   000000   12....       LCALL   ?BDISPATCH
   \   000003   ......       DC24    CommonApp_InitConfirm

   \                                 In  segment BANK_RELAYS, align 1
   \                     ??CommonApp_MessageMSGCB?relay:
   \   000000   12....       LCALL   ?BDISPATCH
   \   000003   ......       DC24    CommonApp_MessageMSGCB

   \                                 In  segment BANK_RELAYS, align 1
   \                     ??CommonApp_ProcessZDOStates?relay:
   \   000000   12....       LCALL   ?BDISPATCH
   \   000003   ......       DC24    CommonApp_ProcessZDOStates

   \                                 In  segment BANK_RELAYS, align 1
   \                     ??CommonApp_HandleCombineKeys?relay:
   \   000000   12....       LCALL   ?BDISPATCH
   \   000003   ......       DC24    CommonApp_HandleCombineKeys

   \                                 In  segment BANK_RELAYS, align 1
   \                     ??ConnectorApp_TxHandler?relay:
   \   000000   12....       LCALL   ?BDISPATCH
   \   000003   ......       DC24    ConnectorApp_TxHandler

   \                                 In  segment BANK_RELAYS, align 1
   \                     ??CommonApp_RS485SendMessage?relay:
   \   000000   12....       LCALL   ?BDISPATCH
   \   000003   ......       DC24    CommonApp_RS485SendMessage

   Maximum stack usage in bytes:

     Function                       ISTACK PSTACK XSTACK
     --------                       ------ ------ ------
     CommonApp_HandleCombineKeys        0      0      9
       -> HalLedBlink                   0      0     18
       -> zgWriteStartupOptions         0      0     18
       -> ZDOInitDevice                 0      0     18
       -> CommonApp_PermitJoiningRequest
                                        0      0     18
       -> CommonApp_PermitJoiningRequest
                                        0      0     18
     CommonApp_InitConfirm              2      0      0
       -> CommonApp_PermitJoiningRequest
                                        4      0      0
       -> SerialTx_Handler              4      0      0
     CommonApp_MessageMSGCB             2      0      0
       -> RS485_GetDevDataSend          4      0      0
     CommonApp_ProcessZDOStates         0      0      9
       -> createNodelist                0      0     18
     CommonApp_RS485SendMessage         1      0     18
       -> CommonApp_SendTheMessage      0      0     18
       -> get_NodeList                  2      0     18
       -> CommonApp_SendTheMessage      0      0     18
     ConnectorApp_TxHandler             0      0      9
       -> CommonApp_RS485SendMessage
                                        0      0     18


   Segment part sizes:

     Function/Label                      Bytes
     --------------                      -----
     WDCTL                                  1
     list_len                               1
     CommonApp_InitConfirm                 20
     ?Subroutine0                           7
     CommonApp_MessageMSGCB                56
     CommonApp_ProcessZDOStates            22
     ?Subroutine1                           5
     CommonApp_HandleCombineKeys           87
     ConnectorApp_TxHandler                 8
     CommonApp_RS485SendMessage            50
     ??CommonApp_InitConfirm?relay          6
     ??CommonApp_MessageMSGCB?relay         6
     ??CommonApp_ProcessZDOStates?relay     6
     ??CommonApp_HandleCombineKeys?relay    6
     ??ConnectorApp_TxHandler?relay         6
     ??CommonApp_RS485SendMessage?relay     6

 
 255 bytes in segment BANKED_CODE
  36 bytes in segment BANK_RELAYS
   1 byte  in segment SFR_AN
   1 byte  in segment XDATA_Z
 
 291 bytes of CODE  memory
   0 bytes of DATA  memory (+ 1 byte shared)
   1 byte  of XDATA memory

Errors: none
Warnings: 2
