###############################################################################
#                                                                             #
# IAR C/C++ Compiler V8.10.1.10194/W32 for 8051         24/Nov/2016  14:17:49 #
# Copyright 2004-2011 IAR Systems AB.                                         #
#                                                                             #
#    Core               =  plain                                              #
#    Code model         =  banked                                             #
#    Data model         =  large                                              #
#    Calling convention =  xdata reentrant                                    #
#    Constant location  =  data_rom                                           #
#    Dptr setup         =  1,16                                               #
#    Source file        =  E:\work\zigbee\ZStack-Smart-2.5.2b\Projects\zstack #
#                          \Applications\SmartApp\Source\Manage\HeartBeat\Hea #
#                          rtBeat.c                                           #
#    Command line       =  -f E:\work\zigbee\ZStack-Smart-2.5.2b\Projects\zst #
#                          ack\Applications\SmartApp\CC2530DB\Devices\..\..\. #
#                          .\..\Tools\CC2530DB\f8wCoord.cfg (-DCPU32MHZ       #
#                          -DROOT=__near_func -DMAC_CFG_APP_PENDING_QUEUE=TRU #
#                          E -DMAC_CFG_TX_DATA_MAX=5 -DMAC_CFG_TX_MAX=8       #
#                          -DMAC_CFG_RX_MAX=5 -DZDO_COORDINATOR -DRTR_NWK     #
#                          -DSSA_CONNECTOR) -f E:\work\zigbee\ZStack-Smart-2. #
#                          5.2b\Projects\zstack\Applications\SmartApp\CC2530D #
#                          B\Devices\..\..\..\..\Tools\CC2530DB\f8wConfig.cfg #
#                           (-DZIGBEEPRO -DSECURE=1 -DZG_SECURE_DYNAMIC=1     #
#                          -DREFLECTOR -DDEFAULT_CHANLIST=0x00000800          #
#                          -DZDAPP_CONFIG_PAN_ID=0xFFFF                       #
#                          -DNWK_START_DELAY=100 -DEXTENDED_JOINING_RANDOM_MA #
#                          SK=0x007F -DBEACON_REQUEST_DELAY=100               #
#                          -DBEACON_REQ_DELAY_MASK=0x00FF                     #
#                          -DLINK_STATUS_JITTER_MASK=0x007F                   #
#                          -DROUTE_EXPIRY_TIME=30 -DAPSC_ACK_WAIT_DURATION_PO #
#                          LLED=3000 -DNWK_INDIRECT_MSG_TIMEOUT=7             #
#                          -DMAX_RREQ_ENTRIES=8 -DAPSC_MAX_FRAME_RETRIES=3    #
#                          -DNWK_MAX_DATA_RETRIES=2                           #
#                          -DMAX_POLL_FAILURE_RETRIES=2 -DMAX_BCAST=9         #
#                          -DAPS_MAX_GROUPS=16 -DMAX_RTG_ENTRIES=40           #
#                          -DNWK_MAX_BINDING_ENTRIES=4                        #
#                          -DMAX_BINDING_CLUSTER_IDS=4 "-DDEFAULT_KEY={0x01,  #
#                          0x03, 0x05, 0x07, 0x09, 0x0B, 0x0D, 0x0F, 0x00,    #
#                          0x02, 0x04, 0x06, 0x08, 0x0A, 0x0C, 0x0D}"         #
#                          -DMAC_MAX_FRAME_SIZE=116                           #
#                          -DZDNWKMGR_MIN_TRANSMISSIONS=20 "-DCONST=const     #
#                          __code" -DGENERIC=__generic                        #
#                          -DRFD_RCVC_ALWAYS_ON=FALSE -DPOLL_RATE=600         #
#                          -DQUEUED_POLL_RATE=100 -DRESPONSE_POLL_RATE=100)   #
#                          -DREJOIN_POLL_RATE=440 E:\work\zigbee\ZStack-Smart #
#                          -2.5.2b\Projects\zstack\Applications\SmartApp\Sour #
#                          ce\Manage\HeartBeat\HeartBeat.c -D SECURE=1 -D     #
#                          ZTOOL_P1 -D DEVICE_TYPE_ID=0xFE -D                 #
#                          SIGNAL_AMPLIFIER_SETTING -D                        #
#                          xPOWER_AMPLIFIER_POSITION_1 -D xNWK_AUTO_POLL -D   #
#                          xHAL_UART_DMA=2 -D xHAL_UART_DMA_ALT1 -D           #
#                          xJIAJU_BUILDIN -D MT_TASK -D MT_SYS_FUNC -D        #
#                          MT_ZDO_FUNC -D NV_INIT -D NV_RESTORE -lC           #
#                          E:\work\zigbee\ZStack-Smart-2.5.2b\Projects\zstack #
#                          \Applications\SmartApp\CC2530DB\bin\DemoBaseZC\Lis #
#                          t\ -lA E:\work\zigbee\ZStack-Smart-2.5.2b\Projects #
#                          \zstack\Applications\SmartApp\CC2530DB\bin\DemoBas #
#                          eZC\List\ --diag_suppress Pe001,Pa010 -o           #
#                          E:\work\zigbee\ZStack-Smart-2.5.2b\Projects\zstack #
#                          \Applications\SmartApp\CC2530DB\bin\DemoBaseZC\Obj #
#                          \ -e --debug --core=plain --dptr=16,1              #
#                          --data_model=large --code_model=banked             #
#                          --calling_convention=xdata_reentrant               #
#                          --place_constants=data_rom --nr_virtual_regs 16    #
#                          -I E:\work\zigbee\ZStack-Smart-2.5.2b\Projects\zst #
#                          ack\Applications\SmartApp\CC2530DB\Devices\ -I     #
#                          E:\work\zigbee\ZStack-Smart-2.5.2b\Projects\zstack #
#                          \Applications\SmartApp\CC2530DB\Devices\..\..\Sour #
#                          ce\Common\ -I E:\work\zigbee\ZStack-Smart-2.5.2b\P #
#                          rojects\zstack\Applications\SmartApp\CC2530DB\Devi #
#                          ces\..\..\Source\Connector\ -I                     #
#                          E:\work\zigbee\ZStack-Smart-2.5.2b\Projects\zstack #
#                          \Applications\SmartApp\CC2530DB\Devices\..\..\Sour #
#                          ce\\EndNode\ -I E:\work\zigbee\ZStack-Smart-2.5.2b #
#                          \Projects\zstack\Applications\SmartApp\CC2530DB\De #
#                          vices\..\..\Source\Board\ -I                       #
#                          E:\work\zigbee\ZStack-Smart-2.5.2b\Projects\zstack #
#                          \Applications\SmartApp\CC2530DB\Devices\..\..\Sour #
#                          ce\Manage\ -I E:\work\zigbee\ZStack-Smart-2.5.2b\P #
#                          rojects\zstack\Applications\SmartApp\CC2530DB\Devi #
#                          ces\..\..\Source\Manage\Callbacks\ -I              #
#                          E:\work\zigbee\ZStack-Smart-2.5.2b\Projects\zstack #
#                          \Applications\SmartApp\CC2530DB\Devices\..\..\Sour #
#                          ce\Manage\debug\ -I E:\work\zigbee\ZStack-Smart-2. #
#                          5.2b\Projects\zstack\Applications\SmartApp\CC2530D #
#                          B\Devices\..\..\Source\Manage\HeartBeat\ -I        #
#                          E:\work\zigbee\ZStack-Smart-2.5.2b\Projects\zstack #
#                          \Applications\SmartApp\CC2530DB\Devices\..\..\Sour #
#                          ce\Manage\incode\ -I E:\work\zigbee\ZStack-Smart-2 #
#                          .5.2b\Projects\zstack\Applications\SmartApp\CC2530 #
#                          DB\Devices\..\..\..\..\ZMain\TI2530DB\ -I          #
#                          E:\work\zigbee\ZStack-Smart-2.5.2b\Projects\zstack #
#                          \Applications\SmartApp\CC2530DB\Devices\..\..\..\. #
#                          .\..\..\Components\hal\include\ -I                 #
#                          E:\work\zigbee\ZStack-Smart-2.5.2b\Projects\zstack #
#                          \Applications\SmartApp\CC2530DB\Devices\..\..\..\. #
#                          .\..\..\Components\hal\target\CC2530EB\ -I         #
#                          E:\work\zigbee\ZStack-Smart-2.5.2b\Projects\zstack #
#                          \Applications\SmartApp\CC2530DB\Devices\..\..\..\. #
#                          .\..\..\Components\mac\include\ -I                 #
#                          E:\work\zigbee\ZStack-Smart-2.5.2b\Projects\zstack #
#                          \Applications\SmartApp\CC2530DB\Devices\..\..\..\. #
#                          .\..\..\Components\mac\high_level\ -I              #
#                          E:\work\zigbee\ZStack-Smart-2.5.2b\Projects\zstack #
#                          \Applications\SmartApp\CC2530DB\Devices\..\..\..\. #
#                          .\..\..\Components\mac\low_level\srf04\ -I         #
#                          E:\work\zigbee\ZStack-Smart-2.5.2b\Projects\zstack #
#                          \Applications\SmartApp\CC2530DB\Devices\..\..\..\. #
#                          .\..\..\Components\mac\low_level\srf04\single_chip #
#                          \ -I E:\work\zigbee\ZStack-Smart-2.5.2b\Projects\z #
#                          stack\Applications\SmartApp\CC2530DB\Devices\..\.. #
#                          \..\..\..\..\Components\mt\ -I                     #
#                          E:\work\zigbee\ZStack-Smart-2.5.2b\Projects\zstack #
#                          \Applications\SmartApp\CC2530DB\Devices\..\..\..\. #
#                          .\..\..\Components\osal\include\ -I                #
#                          E:\work\zigbee\ZStack-Smart-2.5.2b\Projects\zstack #
#                          \Applications\SmartApp\CC2530DB\Devices\..\..\..\. #
#                          .\..\..\Components\services\saddr\ -I              #
#                          E:\work\zigbee\ZStack-Smart-2.5.2b\Projects\zstack #
#                          \Applications\SmartApp\CC2530DB\Devices\..\..\..\. #
#                          .\..\..\Components\services\sdata\ -I              #
#                          E:\work\zigbee\ZStack-Smart-2.5.2b\Projects\zstack #
#                          \Applications\SmartApp\CC2530DB\Devices\..\..\..\. #
#                          .\..\..\Components\stack\af\ -I                    #
#                          E:\work\zigbee\ZStack-Smart-2.5.2b\Projects\zstack #
#                          \Applications\SmartApp\CC2530DB\Devices\..\..\..\. #
#                          .\..\..\Components\stack\nwk\ -I                   #
#                          E:\work\zigbee\ZStack-Smart-2.5.2b\Projects\zstack #
#                          \Applications\SmartApp\CC2530DB\Devices\..\..\..\. #
#                          .\..\..\Components\stack\sapi\ -I                  #
#                          E:\work\zigbee\ZStack-Smart-2.5.2b\Projects\zstack #
#                          \Applications\SmartApp\CC2530DB\Devices\..\..\..\. #
#                          .\..\..\Components\stack\sec\ -I                   #
#                          E:\work\zigbee\ZStack-Smart-2.5.2b\Projects\zstack #
#                          \Applications\SmartApp\CC2530DB\Devices\..\..\..\. #
#                          .\..\..\Components\stack\sys\ -I                   #
#                          E:\work\zigbee\ZStack-Smart-2.5.2b\Projects\zstack #
#                          \Applications\SmartApp\CC2530DB\Devices\..\..\..\. #
#                          .\..\..\Components\stack\zdo\ -I                   #
#                          E:\work\zigbee\ZStack-Smart-2.5.2b\Projects\zstack #
#                          \Applications\SmartApp\CC2530DB\Devices\..\..\..\. #
#                          .\..\..\Components\zmac\ -I                        #
#                          E:\work\zigbee\ZStack-Smart-2.5.2b\Projects\zstack #
#                          \Applications\SmartApp\CC2530DB\Devices\..\..\..\. #
#                          .\..\..\Components\zmac\f8w\ -Oh                   #
#                          --require_prototypes                               #
#    List file          =  E:\work\zigbee\ZStack-Smart-2.5.2b\Projects\zstack #
#                          \Applications\SmartApp\CC2530DB\bin\DemoBaseZC\Lis #
#                          t\HeartBeat.lst                                    #
#    Object file        =  E:\work\zigbee\ZStack-Smart-2.5.2b\Projects\zstack #
#                          \Applications\SmartApp\CC2530DB\bin\DemoBaseZC\Obj #
#                          \HeartBeat.r51                                     #
#                                                                             #
#                                                                             #
###############################################################################

E:\work\zigbee\ZStack-Smart-2.5.2b\Projects\zstack\Applications\SmartApp\Source\Manage\HeartBeat\HeartBeat.c
      1          /**************************************************************************************************
      2            Filename:       HeartBeart.c
      3            Revised:        $Date: 2014-12-01 11:25:17 -0800 (Thu, 29 dec 2014) $
      4            Revision:       $Revision: 29218 $
      5          
      6            Description:    This file contains heart beat callbacks
      7          **************************************************************************************************/
      8          
      9          /**************************************************************************************************
     10          Modify by Sam_Chen
     11          Date:2015-07-31
     12          **************************************************************************************************/
     13          
     14          
     15          /*********************************************************************
     16           * INCLUDES
     17           */
     18          #include "HeartBeat.h"
     19          #include "CommonApp.h"
     20          
     21          
     22          /*********************************************************************
     23           * MACROS
     24           */
     25          
     26          /*********************************************************************
     27           * CONSTANTS
     28           */
     29          
     30          /*********************************************************************
     31           * EXTERNAL VARIABLES
     32           */
     33          
     34          /*********************************************************************
     35           * EXTERNAL FUNCTIONS
     36           */
     37          extern uint8 SHORT_ADDR_G[4];
     38          extern uint8 EXT_ADDR_G[16];
     39          extern const uint8 f_tail[4]; 
     40           
     41          /*********************************************************************
     42           * GLOBAL VARIABLES
     43           */
     44          
     45          /*********************************************************************
     46           * LOCAL VARIABLES
     47           */
     48          
     49          /*********************************************************************
     50           * LOCAL FUNCTIONS
     51           */
     52          
     53          /*********************************************************************
     54           * PUBLIC FUNCTIONS
     55           */
     56          
     57          /*********************************************************************
     58           * @fn      CommonApp_HeartBeatCB
     59           *
     60           * @brief   handler heart beat event
     61           *
     62           * @param   none
     63           *
     64           * @return  none
     65           */
     66          

   \                                 In  segment BANKED_CODE, align 1, keep-with-next
     67          void CommonApp_HeartBeatCB( void *params, uint16 *duration, uint8 *count)
   \                     CommonApp_HeartBeatCB:
     68          {
   \   000000   74F6         MOV     A,#-0xa
   \   000002   12....       LCALL   ?BANKED_ENTER_XDATA
   \   000005                ; Saved register size: 10
   \   000005                ; Auto size: 15
   \   000005   74F1         MOV     A,#-0xf
   \   000007   12....       LCALL   ?ALLOC_XSTACK8
     69          	UH_t mFrame;
     70          	uint8 *fBuf;		//pointer data buffer
     71          	uint16 fLen;		//buffer data length
     72          
     73          	memcpy(mFrame.head, FR_HEAD_UH, 3);
   \   00000A                ; Setup parameters for call to function memcpy
   \   00000A   75..03       MOV     ?V0 + 0,#0x3
   \   00000D   75..00       MOV     ?V0 + 1,#0x0
   \   000010   78..         MOV     R0,#?V0 + 0
   \   000012   12....       LCALL   ?PUSH_XSTACK_I_TWO
   \   000015   7C..         MOV     R4,#`?<Constant "UH:">` & 0xff
   \   000017   7D..         MOV     R5,#(`?<Constant "UH:">` >> 8) & 0xff
   \   000019   7406         MOV     A,#0x6
   \   00001B   12....       LCALL   ?XSTACK_DISP0_8
   \   00001E   AA82         MOV     R2,DPL
   \   000020   AB83         MOV     R3,DPH
   \   000022   12....       LCALL   ??memcpy?relay
   \   000025   7402         MOV     A,#0x2
   \   000027   12....       LCALL   ?DEALLOC_XSTACK8
     74          	memcpy(mFrame.short_addr, SHORT_ADDR_G, 4);
   \   00002A                ; Setup parameters for call to function memcpy
   \   00002A   75..04       MOV     ?V0 + 0,#0x4
   \   00002D   78..         MOV     R0,#?V0 + 0
   \   00002F   12....       LCALL   ?PUSH_XSTACK_I_TWO
   \   000032   7C..         MOV     R4,#SHORT_ADDR_G & 0xff
   \   000034   7D..         MOV     R5,#(SHORT_ADDR_G >> 8) & 0xff
   \   000036   7409         MOV     A,#0x9
   \   000038   12....       LCALL   ?XSTACK_DISP0_8
   \   00003B   AA82         MOV     R2,DPL
   \   00003D   AB83         MOV     R3,DPH
   \   00003F   12....       LCALL   ??memcpy?relay
   \   000042   7402         MOV     A,#0x2
   \   000044   12....       LCALL   ?DEALLOC_XSTACK8
     75          	memcpy(mFrame.tail, f_tail, 4);
   \   000047                ; Setup parameters for call to function memcpy
   \   000047   78..         MOV     R0,#?V0 + 0
   \   000049   12....       LCALL   ?PUSH_XSTACK_I_TWO
   \   00004C   7C..         MOV     R4,#f_tail & 0xff
   \   00004E   7D..         MOV     R5,#(f_tail >> 8) & 0xff
   \   000050   740D         MOV     A,#0xd
   \   000052   12....       LCALL   ?XSTACK_DISP0_8
   \   000055   AA82         MOV     R2,DPL
   \   000057   AB83         MOV     R3,DPH
   \   000059   12....       LCALL   ??memcpy?relay
   \   00005C   7402         MOV     A,#0x2
   \   00005E   12....       LCALL   ?DEALLOC_XSTACK8
     76          
     77          	if(!SSAFrame_Package(HEAD_UH, &mFrame, &fBuf, &fLen))
   \   000061                ; Setup parameters for call to function SSAFrame_Package
   \   000061   85..82       MOV     DPL,?XSP + 0
   \   000064   85..83       MOV     DPH,?XSP + 1
   \   000067   8582..       MOV     ?V0 + 0,DPL
   \   00006A   8583..       MOV     ?V0 + 1,DPH
   \   00006D   78..         MOV     R0,#?V0 + 0
   \   00006F   12....       LCALL   ?PUSH_XSTACK_I_TWO
   \   000072   7404         MOV     A,#0x4
   \   000074   12....       LCALL   ?XSTACK_DISP0_8
   \   000077   AC82         MOV     R4,DPL
   \   000079   AD83         MOV     R5,DPH
   \   00007B   7406         MOV     A,#0x6
   \   00007D   12....       LCALL   ?XSTACK_DISP0_8
   \   000080   AA82         MOV     R2,DPL
   \   000082   AB83         MOV     R3,DPH
   \   000084   7902         MOV     R1,#0x2
   \   000086   12....       LCALL   ??SSAFrame_Package?relay
   \   000089   7402         MOV     A,#0x2
   \   00008B   12....       LCALL   ?DEALLOC_XSTACK8
   \   00008E   E9           MOV     A,R1
   \   00008F   7019         JNZ     ??CommonApp_HeartBeatCB_0
     78          	{
     79          		CommonApp_SendTheMessage(COORDINATOR_ADDR, fBuf, fLen);
   \   000091                ; Setup parameters for call to function CommonApp_SendTheMessage
   \   000091   85..82       MOV     DPL,?XSP + 0
   \   000094   85..83       MOV     DPH,?XSP + 1
   \   000097   E0           MOVX    A,@DPTR
   \   000098   F9           MOV     R1,A
   \   000099   7402         MOV     A,#0x2
   \   00009B   12....       LCALL   ?XSTACK_DISP0_8
   \   00009E   E0           MOVX    A,@DPTR
   \   00009F   FC           MOV     R4,A
   \   0000A0   A3           INC     DPTR
   \   0000A1   E0           MOVX    A,@DPTR
   \   0000A2   FD           MOV     R5,A
   \   0000A3   7A00         MOV     R2,#0x0
   \   0000A5   7B00         MOV     R3,#0x0
   \   0000A7   12....       LCALL   ??CommonApp_SendTheMessage?relay
     80          	}
     81          
     82          #if defined(POWER_SAVING)
     83          	UO_t oFrame;
     84          	uint8 dbuf[16];
     85          
     86          	memcpy(oFrame.head, FR_HEAD_UO, 3);
     87          	oFrame.type = FR_DEV_ENDDEV;
     88          	memcpy(oFrame.ed_type, FR_APP_DEV, 2);
     89          	memcpy(oFrame.short_addr, SHORT_ADDR_G, 4);
     90          	memcpy(oFrame.ext_addr, EXT_ADDR_G, 16);
     91          	oFrame.data = dbuf;
     92              CommonDevice_GetData(oFrame.data, &oFrame.data_len);
     93          	memcpy(oFrame.tail, f_tail, 4);
     94          
     95          	if(!SSAFrame_Package(HEAD_UO, &oFrame, &fBuf, &fLen))
     96          	{
     97          		CommonApp_SendTheMessage(COORDINATOR_ADDR, fBuf, fLen);
     98          	}
     99          #endif
    100          }
   \                     ??CommonApp_HeartBeatCB_0:
   \   0000AA   740F         MOV     A,#0xf
   \   0000AC   12....       LCALL   ?DEALLOC_XSTACK8
   \   0000AF   7F02         MOV     R7,#0x2
   \   0000B1   02....       LJMP    ?BANKED_LEAVE_XDATA

   \                                 In  segment BANK_RELAYS, align 1
   \                     ??CommonApp_HeartBeatCB?relay:
   \   000000   12....       LCALL   ?BDISPATCH
   \   000003   ......       DC24    CommonApp_HeartBeatCB

   \                                 In  segment XDATA_ROM_C, align 1
   \                     `?<Constant "UH:">`:
   \   000000   55483A00     DB "UH:"

   Maximum stack usage in bytes:

     Function                      ISTACK PSTACK XSTACK
     --------                      ------ ------ ------
     CommonApp_HeartBeatCB             0      0     29
       -> memcpy                       0      0     54
       -> memcpy                       0      0     54
       -> memcpy                       0      0     54
       -> SSAFrame_Package             0      0     54
       -> CommonApp_SendTheMessage     0      0     50


   Segment part sizes:

     Function/Label                Bytes
     --------------                -----
     CommonApp_HeartBeatCB          180
     ??CommonApp_HeartBeatCB?relay    6
     ?<Constant "UH:">                4

 
 180 bytes in segment BANKED_CODE
   6 bytes in segment BANK_RELAYS
   4 bytes in segment XDATA_ROM_C
 
 186 bytes of CODE  memory
   4 bytes of CONST memory

Errors: none
Warnings: none
